<?xml version="1.0" encoding="UTF-8"?>
<testsuite name="upei.project.PlayerTest" tests="7" skipped="0" failures="0" errors="0" timestamp="2024-12-07T07:19:29" hostname="Justputhebagbro.ht.home" time="0.046">
  <properties/>
  <testcase name="testAddCard()" classname="upei.project.PlayerTest" time="0.021"/>
  <testcase name="testPlayCardFirstStrategy()" classname="upei.project.PlayerTest" time="0.003"/>
  <testcase name="testPlayNumberCardFirstStrategy()" classname="upei.project.PlayerTest" time="0.001"/>
  <testcase name="testInitialState()" classname="upei.project.PlayerTest" time="0.004"/>
  <testcase name="testUnoCallAndReset()" classname="upei.project.PlayerTest" time="0.002"/>
  <testcase name="testPlayActionCardFirstStrategy()" classname="upei.project.PlayerTest" time="0.002"/>
  <testcase name="testChooseColor()" classname="upei.project.PlayerTest" time="0.001"/>
  <system-out><![CDATA[]]></system-out>
  <system-err><![CDATA[]]></system-err>
</testsuite>
